  stdafx.cpp
  stitching.cpp
c:\users\alva\desktop\cvhw5\cvhw5\stitching.cpp(1): warning C4819: 该文件包含不能在当前代码页(936)中表示的字符。请将该文件保存为 Unicode 格式以防止数据丢失
c:\users\alva\desktop\cvhw5\cvhw5\stitching.h : warning C4819: 该文件包含不能在当前代码页(936)中表示的字符。请将该文件保存为 Unicode 格式以防止数据丢失
c:\users\alva\desktop\cvhw5\cvhw5\stitching.cpp(41): warning C4244: “=”: 从“double”转换到“float”，可能丢失数据
c:\users\alva\desktop\cvhw5\cvhw5\stitching.cpp(58): warning C4244: “初始化”: 从“int”转换到“float”，可能丢失数据
c:\users\alva\desktop\cvhw5\cvhw5\stitching.cpp(59): warning C4244: “初始化”: 从“int”转换到“float”，可能丢失数据
c:\users\alva\desktop\cvhw5\cvhw5\stitching.cpp(60): warning C4244: “初始化”: 从“double”转换到“float”，可能丢失数据
c:\users\alva\desktop\cvhw5\cvhw5\stitching.cpp(63): warning C4244: “初始化”: 从“float”转换到“int”，可能丢失数据
c:\users\alva\desktop\cvhw5\cvhw5\stitching.cpp(64): warning C4244: “初始化”: 从“float”转换到“int”，可能丢失数据
c:\users\alva\desktop\cvhw5\cvhw5\stitching.cpp(91): warning C4018: “<”: 有符号/无符号不匹配
c:\users\alva\desktop\cvhw5\cvhw5\stitching.cpp(92): warning C4018: “<”: 有符号/无符号不匹配
c:\users\alva\desktop\cvhw5\cvhw5\stitching.cpp(135): warning C4244: “=”: 从“float”转换到“int”，可能丢失数据
c:\users\alva\desktop\cvhw5\cvhw5\stitching.cpp(136): warning C4244: “=”: 从“float”转换到“int”，可能丢失数据
c:\users\alva\desktop\cvhw5\cvhw5\stitching.cpp(190): warning C4244: “初始化”: 从“double”转换到“float”，可能丢失数据
c:\users\alva\desktop\cvhw5\cvhw5\stitching.cpp(255): warning C4018: “<”: 有符号/无符号不匹配
c:\users\alva\desktop\cvhw5\cvhw5\stitching.cpp(264): warning C4244: “初始化”: 从“float”转换到“int”，可能丢失数据
c:\users\alva\desktop\cvhw5\cvhw5\stitching.cpp(265): warning C4244: “初始化”: 从“float”转换到“int”，可能丢失数据
c:\users\alva\desktop\cvhw5\cvhw5\stitching.cpp(285): warning C4018: “<”: 有符号/无符号不匹配
c:\users\alva\desktop\cvhw5\cvhw5\stitching.cpp(295): warning C4018: “<”: 有符号/无符号不匹配
c:\users\alva\desktop\cvhw5\cvhw5\stitching.cpp(309): warning C4244: “参数”: 从“time_t”转换到“unsigned int”，可能丢失数据
c:\users\alva\desktop\cvhw5\cvhw5\stitching.cpp(311): warning C4305: “初始化”: 从“double”到“float”截断
c:\users\alva\desktop\cvhw5\cvhw5\stitching.cpp(314): warning C4244: “初始化”: 从“float”转换到“int”，可能丢失数据
c:\users\alva\desktop\cvhw5\cvhw5\stitching.cpp(356): warning C4018: “<”: 有符号/无符号不匹配
c:\users\alva\desktop\cvhw5\cvhw5\stitching.cpp(372): warning C4244: “初始化”: 从“float”转换到“int”，可能丢失数据
c:\users\alva\desktop\cvhw5\cvhw5\stitching.cpp(373): warning C4244: “初始化”: 从“float”转换到“int”，可能丢失数据
c:\users\alva\desktop\cvhw5\cvhw5\stitching.cpp(379): warning C4244: “=”: 从“const float”转换到“int”，可能丢失数据
c:\users\alva\desktop\cvhw5\cvhw5\stitching.cpp(381): warning C4244: “=”: 从“const float”转换到“int”，可能丢失数据
c:\users\alva\desktop\cvhw5\cvhw5\stitching.cpp(389): warning C4244: “初始化”: 从“float”转换到“int”，可能丢失数据
c:\users\alva\desktop\cvhw5\cvhw5\stitching.cpp(390): warning C4244: “初始化”: 从“float”转换到“int”，可能丢失数据
c:\users\alva\desktop\cvhw5\cvhw5\stitching.cpp(467): warning C4018: “<”: 有符号/无符号不匹配
c:\users\alva\desktop\cvhw5\cvhw5\stitching.cpp(468): warning C4018: “<”: 有符号/无符号不匹配
c:\users\alva\desktop\cvhw5\cvhw5\stitching.cpp(500): warning C4018: “<”: 有符号/无符号不匹配
stitching.obj : error LNK2019: 无法解析的外部符号 __imp__vl_sift_new，该符号在函数 "public: void __thiscall Panorama::createExtractFeature(void)" (?createExtractFeature@Panorama@@QAEXXZ) 中被引用
stitching.obj : error LNK2019: 无法解析的外部符号 __imp__vl_sift_delete，该符号在函数 "public: void __thiscall Panorama::createExtractFeature(void)" (?createExtractFeature@Panorama@@QAEXXZ) 中被引用
stitching.obj : error LNK2019: 无法解析的外部符号 __imp__vl_sift_process_first_octave，该符号在函数 "public: void __thiscall Panorama::createExtractFeature(void)" (?createExtractFeature@Panorama@@QAEXXZ) 中被引用
stitching.obj : error LNK2019: 无法解析的外部符号 __imp__vl_sift_process_next_octave，该符号在函数 "public: void __thiscall Panorama::createExtractFeature(void)" (?createExtractFeature@Panorama@@QAEXXZ) 中被引用
stitching.obj : error LNK2019: 无法解析的外部符号 __imp__vl_sift_detect，该符号在函数 "public: void __thiscall Panorama::createExtractFeature(void)" (?createExtractFeature@Panorama@@QAEXXZ) 中被引用
stitching.obj : error LNK2019: 无法解析的外部符号 __imp__vl_sift_calc_keypoint_orientations，该符号在函数 "public: void __thiscall Panorama::createExtractFeature(void)" (?createExtractFeature@Panorama@@QAEXXZ) 中被引用
stitching.obj : error LNK2019: 无法解析的外部符号 __imp__vl_sift_calc_keypoint_descriptor，该符号在函数 "public: void __thiscall Panorama::createExtractFeature(void)" (?createExtractFeature@Panorama@@QAEXXZ) 中被引用
stitching.obj : error LNK2019: 无法解析的外部符号 __imp__vl_kdforest_new，该符号在函数 "public: class std::vector<struct Point,class std::allocator<struct Point> > __thiscall Panorama::getKeyPointMatch(class std::map<class std::vector<float,class std::allocator<float> >,struct _VlSiftKeypoint,struct std::less<class std::vector<float,class std::allocator<float> > >,class std::allocator<struct std::pair<class std::vector<float,class std::allocator<float> > const ,struct _VlSiftKeypoint> > > &,class std::map<class std::vector<float,class std::allocator<float> >,struct _VlSiftKeypoint,struct std::less<class std::vector<float,class std::allocator<float> > >,class std::allocator<struct std::pair<class std::vector<float,class std::allocator<float> > const ,struct _VlSiftKeypoint> > > &)" (?getKeyPointMatch@Panorama@@QAE?AV?$vector@UPoint@@V?$allocator@UPoint@@@std@@@std@@AAV?$map@V?$vector@MV?$allocator@M@std@@@std@@U_VlSiftKeypoint@@U?$less@V?$vector@MV?$allocator@M@std@@@std@@@2@V?$allocator@U?$pair@$$CBV?$vector@MV?$allocator@M@std@@@std@@U_VlSiftKeypoint@@@std@@@2@@3@0@Z) 中被引用
stitching.obj : error LNK2019: 无法解析的外部符号 __imp__vl_kdforest_new_searcher，该符号在函数 "public: class std::vector<struct Point,class std::allocator<struct Point> > __thiscall Panorama::getKeyPointMatch(class std::map<class std::vector<float,class std::allocator<float> >,struct _VlSiftKeypoint,struct std::less<class std::vector<float,class std::allocator<float> > >,class std::allocator<struct std::pair<class std::vector<float,class std::allocator<float> > const ,struct _VlSiftKeypoint> > > &,class std::map<class std::vector<float,class std::allocator<float> >,struct _VlSiftKeypoint,struct std::less<class std::vector<float,class std::allocator<float> > >,class std::allocator<struct std::pair<class std::vector<float,class std::allocator<float> > const ,struct _VlSiftKeypoint> > > &)" (?getKeyPointMatch@Panorama@@QAE?AV?$vector@UPoint@@V?$allocator@UPoint@@@std@@@std@@AAV?$map@V?$vector@MV?$allocator@M@std@@@std@@U_VlSiftKeypoint@@U?$less@V?$vector@MV?$allocator@M@std@@@std@@@2@V?$allocator@U?$pair@$$CBV?$vector@MV?$allocator@M@std@@@std@@U_VlSiftKeypoint@@@std@@@2@@3@0@Z) 中被引用
stitching.obj : error LNK2019: 无法解析的外部符号 __imp__vl_kdforest_delete，该符号在函数 "public: class std::vector<struct Point,class std::allocator<struct Point> > __thiscall Panorama::getKeyPointMatch(class std::map<class std::vector<float,class std::allocator<float> >,struct _VlSiftKeypoint,struct std::less<class std::vector<float,class std::allocator<float> > >,class std::allocator<struct std::pair<class std::vector<float,class std::allocator<float> > const ,struct _VlSiftKeypoint> > > &,class std::map<class std::vector<float,class std::allocator<float> >,struct _VlSiftKeypoint,struct std::less<class std::vector<float,class std::allocator<float> > >,class std::allocator<struct std::pair<class std::vector<float,class std::allocator<float> > const ,struct _VlSiftKeypoint> > > &)" (?getKeyPointMatch@Panorama@@QAE?AV?$vector@UPoint@@V?$allocator@UPoint@@@std@@@std@@AAV?$map@V?$vector@MV?$allocator@M@std@@@std@@U_VlSiftKeypoint@@U?$less@V?$vector@MV?$allocator@M@std@@@std@@@2@V?$allocator@U?$pair@$$CBV?$vector@MV?$allocator@M@std@@@std@@U_VlSiftKeypoint@@@std@@@2@@3@0@Z) 中被引用
stitching.obj : error LNK2019: 无法解析的外部符号 __imp__vl_kdforestsearcher_delete，该符号在函数 "public: class std::vector<struct Point,class std::allocator<struct Point> > __thiscall Panorama::getKeyPointMatch(class std::map<class std::vector<float,class std::allocator<float> >,struct _VlSiftKeypoint,struct std::less<class std::vector<float,class std::allocator<float> > >,class std::allocator<struct std::pair<class std::vector<float,class std::allocator<float> > const ,struct _VlSiftKeypoint> > > &,class std::map<class std::vector<float,class std::allocator<float> >,struct _VlSiftKeypoint,struct std::less<class std::vector<float,class std::allocator<float> > >,class std::allocator<struct std::pair<class std::vector<float,class std::allocator<float> > const ,struct _VlSiftKeypoint> > > &)" (?getKeyPointMatch@Panorama@@QAE?AV?$vector@UPoint@@V?$allocator@UPoint@@@std@@@std@@AAV?$map@V?$vector@MV?$allocator@M@std@@@std@@U_VlSiftKeypoint@@U?$less@V?$vector@MV?$allocator@M@std@@@std@@@2@V?$allocator@U?$pair@$$CBV?$vector@MV?$allocator@M@std@@@std@@U_VlSiftKeypoint@@@std@@@2@@3@0@Z) 中被引用
stitching.obj : error LNK2019: 无法解析的外部符号 __imp__vl_kdforest_build，该符号在函数 "public: class std::vector<struct Point,class std::allocator<struct Point> > __thiscall Panorama::getKeyPointMatch(class std::map<class std::vector<float,class std::allocator<float> >,struct _VlSiftKeypoint,struct std::less<class std::vector<float,class std::allocator<float> > >,class std::allocator<struct std::pair<class std::vector<float,class std::allocator<float> > const ,struct _VlSiftKeypoint> > > &,class std::map<class std::vector<float,class std::allocator<float> >,struct _VlSiftKeypoint,struct std::less<class std::vector<float,class std::allocator<float> > >,class std::allocator<struct std::pair<class std::vector<float,class std::allocator<float> > const ,struct _VlSiftKeypoint> > > &)" (?getKeyPointMatch@Panorama@@QAE?AV?$vector@UPoint@@V?$allocator@UPoint@@@std@@@std@@AAV?$map@V?$vector@MV?$allocator@M@std@@@std@@U_VlSiftKeypoint@@U?$less@V?$vector@MV?$allocator@M@std@@@std@@@2@V?$allocator@U?$pair@$$CBV?$vector@MV?$allocator@M@std@@@std@@U_VlSiftKeypoint@@@std@@@2@@3@0@Z) 中被引用
stitching.obj : error LNK2019: 无法解析的外部符号 __imp__vl_kdforestsearcher_query，该符号在函数 "public: class std::vector<struct Point,class std::allocator<struct Point> > __thiscall Panorama::getKeyPointMatch(class std::map<class std::vector<float,class std::allocator<float> >,struct _VlSiftKeypoint,struct std::less<class std::vector<float,class std::allocator<float> > >,class std::allocator<struct std::pair<class std::vector<float,class std::allocator<float> > const ,struct _VlSiftKeypoint> > > &,class std::map<class std::vector<float,class std::allocator<float> >,struct _VlSiftKeypoint,struct std::less<class std::vector<float,class std::allocator<float> > >,class std::allocator<struct std::pair<class std::vector<float,class std::allocator<float> > const ,struct _VlSiftKeypoint> > > &)" (?getKeyPointMatch@Panorama@@QAE?AV?$vector@UPoint@@V?$allocator@UPoint@@@std@@@std@@AAV?$map@V?$vector@MV?$allocator@M@std@@@std@@U_VlSiftKeypoint@@U?$less@V?$vector@MV?$allocator@M@std@@@std@@@2@V?$allocator@U?$pair@$$CBV?$vector@MV?$allocator@M@std@@@std@@U_VlSiftKeypoint@@@std@@@2@@3@0@Z) 中被引用
D:\vlfeat-0.9.21-bin\vlfeat-0.9.21\bin\win64\vl.lib : warning LNK4272: 库计算机类型“x64”与目标计算机类型“x86”冲突
C:\Users\Alva\Desktop\CVHW5\Debug\CVHW5.exe : fatal error LNK1120: 13 个无法解析的外部命令
